[INFO ] 2023-02-13 17:41:48.483 [main] ApplicationServiceContext - class com.epam.havryliuk.restaurant.model.database.dao.daoImpl.DishDao class initialised.
[DEBUG] 2023-02-13 17:41:48.493 [main] DatabaseContext - DatabaseContext initialised.
[ERROR] 2023-02-13 17:41:48.495 [main] ConnectionManager - Can't get Initial context for DataSource.
javax.naming.NoInitialContextException: Need to specify class name in environment or system property, or in an application resource file: java.naming.factory.initial
	at javax.naming.spi.NamingManager.getInitialContext(NamingManager.java:704) ~[?:?]
	at javax.naming.InitialContext.getDefaultInitCtx(InitialContext.java:305) ~[?:?]
	at javax.naming.InitialContext.getURLOrDefaultInitCtx(InitialContext.java:342) ~[?:?]
	at javax.naming.InitialContext.lookup(InitialContext.java:409) ~[?:?]
	at com.epam.havryliuk.restaurant.model.database.connection.ConnectionManager.initDataSource(ConnectionManager.java:46) ~[classes/:?]
	at com.epam.havryliuk.restaurant.model.database.connection.ConnectionManager.<clinit>(ConnectionManager.java:20) ~[classes/:?]
	at com.epam.havryliuk.restaurant.model.database.dao.EntityTransaction.<init>(EntityTransaction.java:19) ~[classes/:?]
	at jdk.internal.reflect.NativeConstructorAccessorImpl.newInstance0(Native Method) ~[?:?]
	at jdk.internal.reflect.NativeConstructorAccessorImpl.newInstance(NativeConstructorAccessorImpl.java:77) ~[?:?]
	at jdk.internal.reflect.DelegatingConstructorAccessorImpl.newInstance(DelegatingConstructorAccessorImpl.java:45) ~[?:?]
	at java.lang.reflect.Constructor.newInstanceWithCaller(Constructor.java:499) ~[?:?]
	at java.lang.reflect.Constructor.newInstance(Constructor.java:480) ~[?:?]
	at com.epam.havryliuk.restaurant.model.util.annotations.ApplicationServiceContext.lambda$injectAnnotatedFields$1(ApplicationServiceContext.java:72) ~[classes/:?]
	at java.lang.Iterable.forEach(Iterable.java:75) ~[?:?]
	at com.epam.havryliuk.restaurant.model.util.annotations.ApplicationServiceContext.injectAnnotatedFields(ApplicationServiceContext.java:68) ~[classes/:?]
	at com.epam.havryliuk.restaurant.model.util.annotations.ApplicationServiceContext.getInstance(ApplicationServiceContext.java:51) ~[classes/:?]
	at com.epam.havryliuk.restaurant.controller.command.dishCommand.IndexCommand.<init>(IndexCommand.java:37) ~[classes/:?]
	at java.lang.invoke.MethodHandle.invokeWithArguments(MethodHandle.java:732) ~[?:?]
	at org.mockito.internal.util.reflection.InstrumentationMemberAccessor$Dispatcher$ByteBuddy$CWGZE9By.invokeWithArguments(Unknown Source) ~[?:?]
	at org.mockito.internal.util.reflection.InstrumentationMemberAccessor.lambda$newInstance$0(InstrumentationMemberAccessor.java:191) ~[mockito-core-4.11.0.jar:?]
	at org.mockito.internal.util.reflection.InstrumentationMemberAccessor.newInstance(InstrumentationMemberAccessor.java:188) ~[mockito-core-4.11.0.jar:?]
	at org.mockito.internal.util.reflection.InstrumentationMemberAccessor.newInstance(InstrumentationMemberAccessor.java:161) ~[mockito-core-4.11.0.jar:?]
	at org.mockito.internal.util.reflection.ModuleMemberAccessor.newInstance(ModuleMemberAccessor.java:42) ~[mockito-core-4.11.0.jar:?]
	at org.mockito.internal.util.reflection.FieldInitializer$NoArgConstructorInstantiator.instantiate(FieldInitializer.java:203) ~[mockito-core-4.11.0.jar:?]
	at org.mockito.internal.util.reflection.FieldInitializer.acquireFieldInstance(FieldInitializer.java:146) ~[mockito-core-4.11.0.jar:?]
	at org.mockito.internal.util.reflection.FieldInitializer.initialize(FieldInitializer.java:91) ~[mockito-core-4.11.0.jar:?]
	at org.mockito.internal.configuration.injection.PropertyAndSetterInjection.initializeInjectMocksField(PropertyAndSetterInjection.java:92) ~[mockito-core-4.11.0.jar:?]
	at org.mockito.internal.configuration.injection.PropertyAndSetterInjection.processInjection(PropertyAndSetterInjection.java:73) ~[mockito-core-4.11.0.jar:?]
	at org.mockito.internal.configuration.injection.MockInjectionStrategy.process(MockInjectionStrategy.java:68) ~[mockito-core-4.11.0.jar:?]
	at org.mockito.internal.configuration.injection.MockInjectionStrategy.relayProcessToNextStrategy(MockInjectionStrategy.java:91) ~[mockito-core-4.11.0.jar:?]
	at org.mockito.internal.configuration.injection.MockInjectionStrategy.process(MockInjectionStrategy.java:71) ~[mockito-core-4.11.0.jar:?]
	at org.mockito.internal.configuration.injection.MockInjectionStrategy.relayProcessToNextStrategy(MockInjectionStrategy.java:91) ~[mockito-core-4.11.0.jar:?]
	at org.mockito.internal.configuration.injection.MockInjectionStrategy.process(MockInjectionStrategy.java:71) ~[mockito-core-4.11.0.jar:?]
	at org.mockito.internal.configuration.injection.MockInjection$OngoingMockInjection.apply(MockInjection.java:88) ~[mockito-core-4.11.0.jar:?]
	at org.mockito.internal.configuration.DefaultInjectionEngine.injectMocksOnFields(DefaultInjectionEngine.java:26) ~[mockito-core-4.11.0.jar:?]
	at org.mockito.internal.configuration.InjectingAnnotationEngine.injectCloseableMocks(InjectingAnnotationEngine.java:118) ~[mockito-core-4.11.0.jar:?]
	at org.mockito.internal.configuration.InjectingAnnotationEngine.processInjectMocks(InjectingAnnotationEngine.java:61) ~[mockito-core-4.11.0.jar:?]
	at org.mockito.internal.configuration.InjectingAnnotationEngine.process(InjectingAnnotationEngine.java:48) ~[mockito-core-4.11.0.jar:?]
	at org.mockito.MockitoAnnotations.openMocks(MockitoAnnotations.java:81) ~[mockito-core-4.11.0.jar:?]
	at org.mockito.internal.framework.DefaultMockitoSession.<init>(DefaultMockitoSession.java:43) ~[mockito-core-4.11.0.jar:?]
	at org.mockito.internal.session.DefaultMockitoSessionBuilder.startMocking(DefaultMockitoSessionBuilder.java:83) ~[mockito-core-4.11.0.jar:?]
	at org.mockito.junit.jupiter.MockitoExtension.beforeEach(MockitoExtension.java:153) ~[mockito-junit-jupiter-4.11.0.jar:?]
	at org.junit.jupiter.engine.descriptor.TestMethodTestDescriptor.lambda$invokeBeforeEachCallbacks$2(TestMethodTestDescriptor.java:166) ~[junit-jupiter-engine-5.9.1.jar:5.9.1]
	at org.junit.jupiter.engine.descriptor.TestMethodTestDescriptor.lambda$invokeBeforeMethodsOrCallbacksUntilExceptionOccurs$6(TestMethodTestDescriptor.java:202) ~[junit-jupiter-engine-5.9.1.jar:5.9.1]
	at org.junit.platform.engine.support.hierarchical.ThrowableCollector.execute(ThrowableCollector.java:73) ~[junit-platform-engine-1.9.1.jar:1.9.1]
	at org.junit.jupiter.engine.descriptor.TestMethodTestDescriptor.invokeBeforeMethodsOrCallbacksUntilExceptionOccurs(TestMethodTestDescriptor.java:202) ~[junit-jupiter-engine-5.9.1.jar:5.9.1]
	at org.junit.jupiter.engine.descriptor.TestMethodTestDescriptor.invokeBeforeEachCallbacks(TestMethodTestDescriptor.java:165) ~[junit-jupiter-engine-5.9.1.jar:5.9.1]
	at org.junit.jupiter.engine.descriptor.TestMethodTestDescriptor.execute(TestMethodTestDescriptor.java:132) ~[junit-jupiter-engine-5.9.1.jar:5.9.1]
	at org.junit.jupiter.engine.descriptor.TestMethodTestDescriptor.execute(TestMethodTestDescriptor.java:68) ~[junit-jupiter-engine-5.9.1.jar:5.9.1]
	at org.junit.platform.engine.support.hierarchical.NodeTestTask.lambda$executeRecursively$6(NodeTestTask.java:151) ~[junit-platform-engine-1.9.1.jar:1.9.1]
	at org.junit.platform.engine.support.hierarchical.ThrowableCollector.execute(ThrowableCollector.java:73) ~[junit-platform-engine-1.9.1.jar:1.9.1]
	at org.junit.platform.engine.support.hierarchical.NodeTestTask.lambda$executeRecursively$8(NodeTestTask.java:141) ~[junit-platform-engine-1.9.1.jar:1.9.1]
	at org.junit.platform.engine.support.hierarchical.Node.around(Node.java:137) ~[junit-platform-engine-1.9.1.jar:1.9.1]
	at org.junit.platform.engine.support.hierarchical.NodeTestTask.lambda$executeRecursively$9(NodeTestTask.java:139) ~[junit-platform-engine-1.9.1.jar:1.9.1]
	at org.junit.platform.engine.support.hierarchical.ThrowableCollector.execute(ThrowableCollector.java:73) ~[junit-platform-engine-1.9.1.jar:1.9.1]
	at org.junit.platform.engine.support.hierarchical.NodeTestTask.executeRecursively(NodeTestTask.java:138) ~[junit-platform-engine-1.9.1.jar:1.9.1]
	at org.junit.platform.engine.support.hierarchical.NodeTestTask.execute(NodeTestTask.java:95) ~[junit-platform-engine-1.9.1.jar:1.9.1]
	at java.util.ArrayList.forEach(ArrayList.java:1511) ~[?:?]
	at org.junit.platform.engine.support.hierarchical.SameThreadHierarchicalTestExecutorService.invokeAll(SameThreadHierarchicalTestExecutorService.java:41) ~[junit-platform-engine-1.9.1.jar:1.9.1]
	at org.junit.platform.engine.support.hierarchical.NodeTestTask.lambda$executeRecursively$6(NodeTestTask.java:155) ~[junit-platform-engine-1.9.1.jar:1.9.1]
	at org.junit.platform.engine.support.hierarchical.ThrowableCollector.execute(ThrowableCollector.java:73) ~[junit-platform-engine-1.9.1.jar:1.9.1]
	at org.junit.platform.engine.support.hierarchical.NodeTestTask.lambda$executeRecursively$8(NodeTestTask.java:141) ~[junit-platform-engine-1.9.1.jar:1.9.1]
	at org.junit.platform.engine.support.hierarchical.Node.around(Node.java:137) ~[junit-platform-engine-1.9.1.jar:1.9.1]
	at org.junit.platform.engine.support.hierarchical.NodeTestTask.lambda$executeRecursively$9(NodeTestTask.java:139) ~[junit-platform-engine-1.9.1.jar:1.9.1]
	at org.junit.platform.engine.support.hierarchical.ThrowableCollector.execute(ThrowableCollector.java:73) ~[junit-platform-engine-1.9.1.jar:1.9.1]
	at org.junit.platform.engine.support.hierarchical.NodeTestTask.executeRecursively(NodeTestTask.java:138) ~[junit-platform-engine-1.9.1.jar:1.9.1]
	at org.junit.platform.engine.support.hierarchical.NodeTestTask.execute(NodeTestTask.java:95) ~[junit-platform-engine-1.9.1.jar:1.9.1]
	at java.util.ArrayList.forEach(ArrayList.java:1511) ~[?:?]
	at org.junit.platform.engine.support.hierarchical.SameThreadHierarchicalTestExecutorService.invokeAll(SameThreadHierarchicalTestExecutorService.java:41) ~[junit-platform-engine-1.9.1.jar:1.9.1]
	at org.junit.platform.engine.support.hierarchical.NodeTestTask.lambda$executeRecursively$6(NodeTestTask.java:155) ~[junit-platform-engine-1.9.1.jar:1.9.1]
	at org.junit.platform.engine.support.hierarchical.ThrowableCollector.execute(ThrowableCollector.java:73) ~[junit-platform-engine-1.9.1.jar:1.9.1]
	at org.junit.platform.engine.support.hierarchical.NodeTestTask.lambda$executeRecursively$8(NodeTestTask.java:141) ~[junit-platform-engine-1.9.1.jar:1.9.1]
	at org.junit.platform.engine.support.hierarchical.Node.around(Node.java:137) ~[junit-platform-engine-1.9.1.jar:1.9.1]
	at org.junit.platform.engine.support.hierarchical.NodeTestTask.lambda$executeRecursively$9(NodeTestTask.java:139) ~[junit-platform-engine-1.9.1.jar:1.9.1]
	at org.junit.platform.engine.support.hierarchical.ThrowableCollector.execute(ThrowableCollector.java:73) ~[junit-platform-engine-1.9.1.jar:1.9.1]
	at org.junit.platform.engine.support.hierarchical.NodeTestTask.executeRecursively(NodeTestTask.java:138) ~[junit-platform-engine-1.9.1.jar:1.9.1]
	at org.junit.platform.engine.support.hierarchical.NodeTestTask.execute(NodeTestTask.java:95) ~[junit-platform-engine-1.9.1.jar:1.9.1]
	at org.junit.platform.engine.support.hierarchical.SameThreadHierarchicalTestExecutorService.submit(SameThreadHierarchicalTestExecutorService.java:35) ~[junit-platform-engine-1.9.1.jar:1.9.1]
	at org.junit.platform.engine.support.hierarchical.HierarchicalTestExecutor.execute(HierarchicalTestExecutor.java:57) ~[junit-platform-engine-1.9.1.jar:1.9.1]
	at org.junit.platform.engine.support.hierarchical.HierarchicalTestEngine.execute(HierarchicalTestEngine.java:54) ~[junit-platform-engine-1.9.1.jar:1.9.1]
	at org.junit.platform.launcher.core.EngineExecutionOrchestrator.execute(EngineExecutionOrchestrator.java:147) ~[junit-platform-launcher-1.9.1.jar:1.9.1]
	at org.junit.platform.launcher.core.EngineExecutionOrchestrator.execute(EngineExecutionOrchestrator.java:127) ~[junit-platform-launcher-1.9.1.jar:1.9.1]
	at org.junit.platform.launcher.core.EngineExecutionOrchestrator.execute(EngineExecutionOrchestrator.java:90) ~[junit-platform-launcher-1.9.1.jar:1.9.1]
	at org.junit.platform.launcher.core.EngineExecutionOrchestrator.lambda$execute$0(EngineExecutionOrchestrator.java:55) ~[junit-platform-launcher-1.9.1.jar:1.9.1]
	at org.junit.platform.launcher.core.EngineExecutionOrchestrator.withInterceptedStreams(EngineExecutionOrchestrator.java:102) ~[junit-platform-launcher-1.9.1.jar:1.9.1]
	at org.junit.platform.launcher.core.EngineExecutionOrchestrator.execute(EngineExecutionOrchestrator.java:54) ~[junit-platform-launcher-1.9.1.jar:1.9.1]
	at org.junit.platform.launcher.core.DefaultLauncher.execute(DefaultLauncher.java:114) ~[junit-platform-launcher-1.9.1.jar:1.9.1]
	at org.junit.platform.launcher.core.DefaultLauncher.execute(DefaultLauncher.java:86) ~[junit-platform-launcher-1.9.1.jar:1.9.1]
	at org.junit.platform.launcher.core.DefaultLauncherSession$DelegatingLauncher.execute(DefaultLauncherSession.java:86) ~[junit-platform-launcher-1.9.1.jar:1.9.1]
	at org.junit.platform.launcher.core.SessionPerRequestLauncher.execute(SessionPerRequestLauncher.java:53) ~[junit-platform-launcher-1.9.1.jar:1.9.1]
	at com.intellij.junit5.JUnit5IdeaTestRunner.startRunnerWithArgs(JUnit5IdeaTestRunner.java:71) ~[junit5-rt.jar:?]
	at com.intellij.rt.junit.IdeaTestRunner$Repeater$1.execute(IdeaTestRunner.java:38) ~[junit-rt.jar:?]
	at com.intellij.rt.execution.junit.TestsRepeater.repeat(TestsRepeater.java:11) ~[idea_rt.jar:?]
	at com.intellij.rt.junit.IdeaTestRunner$Repeater.startRunnerWithArgs(IdeaTestRunner.java:35) ~[junit-rt.jar:?]
	at com.intellij.rt.junit.JUnitStarter.prepareStreamsAndStart(JUnitStarter.java:235) ~[junit-rt.jar:?]
	at com.intellij.rt.junit.JUnitStarter.main(JUnitStarter.java:54) ~[junit-rt.jar:?]
[INFO ] 2023-02-13 17:41:48.506 [main] ConnectionManager - DataSource initialised.
[DEBUG] 2023-02-13 17:41:48.507 [main] ConnectionManager - It is asked for instance of DataSource.
[INFO ] 2023-02-13 17:41:48.507 [main] ApplicationServiceContext - class com.epam.havryliuk.restaurant.model.database.dao.EntityTransaction class initialised.
[DEBUG] 2023-02-13 17:41:48.566 [main] IndexCommand - List of dishes received by servlet and going to be sending to client side.
[DEBUG] 2023-02-13 17:41:48.567 [main] AppPagesPath - Application paths are initialised.
[DEBUG] 2023-02-13 17:41:48.610 [main] IndexCommand - List of dishes received by servlet and going to be sending to client side.
[ERROR] 2023-02-13 17:41:48.623 [main] IndexCommand - com.epam.havryliuk.restaurant.model.exceptions.ServiceException: Such list of Dishes hasn't been found.
[ERROR] 2023-02-13 17:41:48.685 [main] UserService - User hasn't been found.
[ERROR] 2023-02-13 17:41:48.693 [main] UserService - An error occurs during receiving the user.
[ERROR] 2023-02-13 17:41:48.699 [main] UserService - The user with such login is already exists.
[ERROR] 2023-02-13 17:41:48.699 [main] UserService - The user with such login is already exists.
[ERROR] 2023-02-13 17:41:48.704 [main] UserService - Error in creating the user.
[DEBUG] 2023-02-13 17:41:48.710 [main] UserService - The user was successfully created.
[DEBUG] 2023-02-13 17:41:48.715 [main] UserService - User got from database. Login and password are correct.
[INFO ] 2023-02-13 17:41:48.829 [main] ApplicationServiceContext - class com.epam.havryliuk.restaurant.model.database.dao.daoImpl.OrderDao class initialised.
[INFO ] 2023-02-13 17:41:48.829 [main] ApplicationServiceContext - class com.epam.havryliuk.restaurant.model.database.dao.daoImpl.DishDao class initialised.
[INFO ] 2023-02-13 17:41:48.829 [main] ApplicationServiceContext - class com.epam.havryliuk.restaurant.model.database.dao.daoImpl.BasketDao class initialised.
[DEBUG] 2023-02-13 17:41:48.829 [main] ConnectionManager - It is asked for instance of DataSource.
[INFO ] 2023-02-13 17:41:48.829 [main] ApplicationServiceContext - class com.epam.havryliuk.restaurant.model.database.dao.EntityTransaction class initialised.
[DEBUG] 2023-02-13 17:41:48.834 [main] MakeOrderCommand - Request for "2" has been received.
[DEBUG] 2023-02-13 17:41:48.838 [main] MakeOrderCommand - Order in session: order
[DEBUG] 2023-02-13 17:41:48.839 [main] MakeOrderCommand - continueOrder: null
[DEBUG] 2023-02-13 17:41:48.839 [main] MakeOrderCommand - redirectionPage basket
[DEBUG] 2023-02-13 17:41:48.871 [main] MakeOrderCommand - Request for "2" has been received.
[DEBUG] 2023-02-13 17:41:48.872 [main] MakeOrderCommand - User made order: order
[ERROR] 2023-02-13 17:41:48.872 [main] DishDispatcher - message.orderDishNotFound
[ERROR] 2023-02-13 17:41:48.873 [main] MakeOrderCommand - com.epam.havryliuk.restaurant.model.exceptions.ServiceException: message.orderDishNotFound
[DEBUG] 2023-02-13 17:41:48.873 [main] MakeOrderCommand - Created new order: order
[DEBUG] 2023-02-13 17:41:48.873 [main] MakeOrderCommand - continueOrder: null
[DEBUG] 2023-02-13 17:41:48.873 [main] MakeOrderCommand - redirectionPage samePage
[DEBUG] 2023-02-13 17:41:48.881 [main] MakeOrderCommand - Request for "2" has been received.
[DEBUG] 2023-02-13 17:41:48.882 [main] MakeOrderCommand - User made order: order
[DEBUG] 2023-02-13 17:41:48.883 [main] MakeOrderCommand - Created new order: order
[DEBUG] 2023-02-13 17:41:48.883 [main] MakeOrderCommand - continueOrder: continue
[DEBUG] 2023-02-13 17:41:48.883 [main] MakeOrderCommand - redirectionPage samePage
[DEBUG] 2023-02-13 17:41:48.889 [main] MakeOrderCommand - Request for "2" has been received.
[DEBUG] 2023-02-13 17:41:48.890 [main] MakeOrderCommand - User made order: order
[DEBUG] 2023-02-13 17:41:48.891 [main] MakeOrderCommand - Created new order: order
[DEBUG] 2023-02-13 17:41:48.891 [main] MakeOrderCommand - continueOrder: null
[DEBUG] 2023-02-13 17:41:48.891 [main] MakeOrderCommand - redirectionPage basket
[INFO ] 2023-02-13 17:41:48.907 [main] ApplicationServiceContext - class com.epam.havryliuk.restaurant.model.database.dao.daoImpl.UserDao class initialised.
[DEBUG] 2023-02-13 17:41:48.908 [main] ConnectionManager - It is asked for instance of DataSource.
[INFO ] 2023-02-13 17:41:48.908 [main] ApplicationServiceContext - class com.epam.havryliuk.restaurant.model.database.dao.EntityTransaction class initialised.
[ERROR] 2023-02-13 17:41:48.914 [main] LoginCommand - null
[DEBUG] 2023-02-13 17:41:49.033 [main] LoginCommand - User logged in.
[ERROR] 2023-02-13 17:41:49.040 [main] LoginCommand - null
[ERROR] 2023-02-13 17:41:49.076 [main] LoginCommand - null
[ERROR] 2023-02-13 17:41:49.503 [main] OrderService - Unable to get orders.
[DEBUG] 2023-02-13 17:41:49.507 [main] OrderService - A dish has been removed from the order.
[DEBUG] 2023-02-13 17:41:49.520 [main] OrderService - A dish has been removed from the order.
[ERROR] 2023-02-13 17:41:49.524 [main] OrderService - Unable to get orders.
[ERROR] 2023-02-13 17:41:49.528 [main] OrderService - Obtained incorrect amount of dishes in order 0
[ERROR] 2023-02-13 17:41:49.532 [main] OrderService - Unable to get orders.
[DEBUG] 2023-02-13 17:41:49.535 [main] OrderService - The page was successfully created.
[ERROR] 2023-02-13 17:41:49.542 [main] OrderService - Unable to change order status.
[ERROR] 2023-02-13 17:41:49.546 [main] OrderService - The request number of dishes exceed available.
[DEBUG] 2023-02-13 17:41:49.549 [main] OrderService - The order list was successfully created.
[DEBUG] 2023-02-13 17:41:49.561 [main] OrderService - Has been created new order: Order{id=1, address='address', phoneNumber='0961150080', isPayed=false, creationDate=null, closeDate=null, user=User{id=0, email='email', name='name', surname='surname', gender='male', isOverEighteen=true}, bookingStatus=BOOKING, baskets=[]}
[ERROR] 2023-02-13 17:41:49.565 [main] OrderService - Unable to get or create an order.
[DEBUG] 2023-02-13 17:41:49.579 [main] OrderService - "order status" has been changed to NEW
[DEBUG] 2023-02-13 17:41:49.583 [main] OrderService - Order has been received: Order{id=null, address='address', phoneNumber='0961150080', isPayed=false, creationDate=null, closeDate=null, user=User{id=0, email='email', name='name', surname='surname', gender='male', isOverEighteen=true}, bookingStatus=BOOKING, baskets=[]}
[ERROR] 2023-02-13 17:41:49.586 [main] OrderService - Unable to get or create an order.
[ERROR] 2023-02-13 17:41:49.590 [main] OrderService - Unable to get orders.
[DEBUG] 2023-02-13 17:41:49.598 [main] OrderService - A dish has been added to the order.
[ERROR] 2023-02-13 17:41:49.626 [main] DishService - Such list of Dishes hasn't been found.
[ERROR] 2023-02-13 17:41:49.632 [main] DishService - Such dish hasn't been found.
[INFO ] 2023-02-13 17:41:49.642 [main] ApplicationServiceContext - class com.epam.havryliuk.restaurant.model.database.dao.daoImpl.OrderDao class initialised.
[INFO ] 2023-02-13 17:41:49.642 [main] ApplicationServiceContext - class com.epam.havryliuk.restaurant.model.database.dao.daoImpl.DishDao class initialised.
[INFO ] 2023-02-13 17:41:49.642 [main] ApplicationServiceContext - class com.epam.havryliuk.restaurant.model.database.dao.daoImpl.BasketDao class initialised.
[DEBUG] 2023-02-13 17:41:49.642 [main] ConnectionManager - It is asked for instance of DataSource.
[INFO ] 2023-02-13 17:41:49.642 [main] ApplicationServiceContext - class com.epam.havryliuk.restaurant.model.database.dao.EntityTransaction class initialised.
[DEBUG] 2023-02-13 17:41:49.644 [main] ManageOrdersCommand - Sorting parameter: STATUS
[DEBUG] 2023-02-13 17:41:49.648 [main] ManageOrdersCommand - Sorting parameter: STATUS
[INFO ] 2023-02-13 17:41:49.728 [main] ApplicationServiceContext - class com.epam.havryliuk.restaurant.model.database.dao.daoImpl.OrderDao class initialised.
[INFO ] 2023-02-13 17:41:49.728 [main] ApplicationServiceContext - class com.epam.havryliuk.restaurant.model.database.dao.daoImpl.DishDao class initialised.
[INFO ] 2023-02-13 17:41:49.728 [main] ApplicationServiceContext - class com.epam.havryliuk.restaurant.model.database.dao.daoImpl.BasketDao class initialised.
[DEBUG] 2023-02-13 17:41:49.728 [main] ConnectionManager - It is asked for instance of DataSource.
[INFO ] 2023-02-13 17:41:49.728 [main] ApplicationServiceContext - class com.epam.havryliuk.restaurant.model.database.dao.EntityTransaction class initialised.
[ERROR] 2023-02-13 17:41:49.734 [main] BasketCommand - com.epam.havryliuk.restaurant.model.exceptions.EntityNotFoundException
[DEBUG] 2023-02-13 17:41:49.737 [main] MenuDispatcher - Current menu: COFFEE
[INFO ] 2023-02-13 17:41:49.740 [main] ApplicationServiceContext - class com.epam.havryliuk.restaurant.model.database.dao.daoImpl.DishDao class initialised.
[DEBUG] 2023-02-13 17:41:49.740 [main] ConnectionManager - It is asked for instance of DataSource.
[INFO ] 2023-02-13 17:41:49.740 [main] ApplicationServiceContext - class com.epam.havryliuk.restaurant.model.database.dao.EntityTransaction class initialised.
[DEBUG] 2023-02-13 17:41:49.743 [main] MenuCommand - List of dishes received by servlet and going to be sending to client side.
[DEBUG] 2023-02-13 17:41:49.746 [main] MenuCommand - List of dishes received by servlet and going to be sending to client side.
[INFO ] 2023-02-13 17:41:49.751 [main] ApplicationServiceContext - class com.epam.havryliuk.restaurant.model.database.dao.daoImpl.DishDao class initialised.
[DEBUG] 2023-02-13 17:41:49.752 [main] ConnectionManager - It is asked for instance of DataSource.
[INFO ] 2023-02-13 17:41:49.752 [main] ApplicationServiceContext - class com.epam.havryliuk.restaurant.model.database.dao.EntityTransaction class initialised.
[INFO ] 2023-02-13 17:41:49.752 [main] ApplicationServiceContext - class com.epam.havryliuk.restaurant.model.database.dao.daoImpl.DishDao class initialised.
[DEBUG] 2023-02-13 17:41:49.752 [main] ConnectionManager - It is asked for instance of DataSource.
[INFO ] 2023-02-13 17:41:49.752 [main] ApplicationServiceContext - class com.epam.havryliuk.restaurant.model.database.dao.EntityTransaction class initialised.
[INFO ] 2023-02-13 17:41:49.752 [main] ApplicationServiceContext - class com.epam.havryliuk.restaurant.model.database.dao.daoImpl.DishDao class initialised.
[DEBUG] 2023-02-13 17:41:49.752 [main] ConnectionManager - It is asked for instance of DataSource.
[INFO ] 2023-02-13 17:41:49.752 [main] ApplicationServiceContext - class com.epam.havryliuk.restaurant.model.database.dao.EntityTransaction class initialised.
[INFO ] 2023-02-13 17:41:49.752 [main] ApplicationServiceContext - class com.epam.havryliuk.restaurant.model.database.dao.daoImpl.OrderDao class initialised.
[INFO ] 2023-02-13 17:41:49.753 [main] ApplicationServiceContext - class com.epam.havryliuk.restaurant.model.database.dao.daoImpl.DishDao class initialised.
[INFO ] 2023-02-13 17:41:49.753 [main] ApplicationServiceContext - class com.epam.havryliuk.restaurant.model.database.dao.daoImpl.BasketDao class initialised.
[DEBUG] 2023-02-13 17:41:49.753 [main] ConnectionManager - It is asked for instance of DataSource.
[INFO ] 2023-02-13 17:41:49.753 [main] ApplicationServiceContext - class com.epam.havryliuk.restaurant.model.database.dao.EntityTransaction class initialised.
[INFO ] 2023-02-13 17:41:49.753 [main] ApplicationServiceContext - class com.epam.havryliuk.restaurant.model.database.dao.daoImpl.OrderDao class initialised.
[INFO ] 2023-02-13 17:41:49.753 [main] ApplicationServiceContext - class com.epam.havryliuk.restaurant.model.database.dao.daoImpl.DishDao class initialised.
[INFO ] 2023-02-13 17:41:49.753 [main] ApplicationServiceContext - class com.epam.havryliuk.restaurant.model.database.dao.daoImpl.BasketDao class initialised.
[DEBUG] 2023-02-13 17:41:49.753 [main] ConnectionManager - It is asked for instance of DataSource.
[INFO ] 2023-02-13 17:41:49.753 [main] ApplicationServiceContext - class com.epam.havryliuk.restaurant.model.database.dao.EntityTransaction class initialised.
[INFO ] 2023-02-13 17:41:49.754 [main] ApplicationServiceContext - class com.epam.havryliuk.restaurant.model.database.dao.daoImpl.OrderDao class initialised.
[INFO ] 2023-02-13 17:41:49.754 [main] ApplicationServiceContext - class com.epam.havryliuk.restaurant.model.database.dao.daoImpl.DishDao class initialised.
[INFO ] 2023-02-13 17:41:49.754 [main] ApplicationServiceContext - class com.epam.havryliuk.restaurant.model.database.dao.daoImpl.BasketDao class initialised.
[DEBUG] 2023-02-13 17:41:49.754 [main] ConnectionManager - It is asked for instance of DataSource.
[INFO ] 2023-02-13 17:41:49.754 [main] ApplicationServiceContext - class com.epam.havryliuk.restaurant.model.database.dao.EntityTransaction class initialised.
[INFO ] 2023-02-13 17:41:49.754 [main] ApplicationServiceContext - class com.epam.havryliuk.restaurant.model.database.dao.daoImpl.OrderDao class initialised.
[INFO ] 2023-02-13 17:41:49.754 [main] ApplicationServiceContext - class com.epam.havryliuk.restaurant.model.database.dao.daoImpl.DishDao class initialised.
[INFO ] 2023-02-13 17:41:49.754 [main] ApplicationServiceContext - class com.epam.havryliuk.restaurant.model.database.dao.daoImpl.BasketDao class initialised.
[DEBUG] 2023-02-13 17:41:49.755 [main] ConnectionManager - It is asked for instance of DataSource.
[INFO ] 2023-02-13 17:41:49.755 [main] ApplicationServiceContext - class com.epam.havryliuk.restaurant.model.database.dao.EntityTransaction class initialised.
[INFO ] 2023-02-13 17:41:49.755 [main] ApplicationServiceContext - class com.epam.havryliuk.restaurant.model.database.dao.daoImpl.OrderDao class initialised.
[INFO ] 2023-02-13 17:41:49.755 [main] ApplicationServiceContext - class com.epam.havryliuk.restaurant.model.database.dao.daoImpl.DishDao class initialised.
[INFO ] 2023-02-13 17:41:49.755 [main] ApplicationServiceContext - class com.epam.havryliuk.restaurant.model.database.dao.daoImpl.BasketDao class initialised.
[DEBUG] 2023-02-13 17:41:49.755 [main] ConnectionManager - It is asked for instance of DataSource.
[INFO ] 2023-02-13 17:41:49.755 [main] ApplicationServiceContext - class com.epam.havryliuk.restaurant.model.database.dao.EntityTransaction class initialised.
[INFO ] 2023-02-13 17:41:49.755 [main] ApplicationServiceContext - class com.epam.havryliuk.restaurant.model.database.dao.daoImpl.UserDao class initialised.
[DEBUG] 2023-02-13 17:41:49.756 [main] ConnectionManager - It is asked for instance of DataSource.
[INFO ] 2023-02-13 17:41:49.756 [main] ApplicationServiceContext - class com.epam.havryliuk.restaurant.model.database.dao.EntityTransaction class initialised.
[INFO ] 2023-02-13 17:41:49.756 [main] ApplicationServiceContext - class com.epam.havryliuk.restaurant.model.database.dao.daoImpl.UserDao class initialised.
[DEBUG] 2023-02-13 17:41:49.756 [main] ConnectionManager - It is asked for instance of DataSource.
[INFO ] 2023-02-13 17:41:49.756 [main] ApplicationServiceContext - class com.epam.havryliuk.restaurant.model.database.dao.EntityTransaction class initialised.
[INFO ] 2023-02-13 17:41:49.757 [main] ApplicationServiceContext - class com.epam.havryliuk.restaurant.model.database.dao.daoImpl.DishDao class initialised.
[DEBUG] 2023-02-13 17:41:49.757 [main] ConnectionManager - It is asked for instance of DataSource.
[INFO ] 2023-02-13 17:41:49.757 [main] ApplicationServiceContext - class com.epam.havryliuk.restaurant.model.database.dao.EntityTransaction class initialised.
[INFO ] 2023-02-13 17:41:49.757 [main] ApplicationServiceContext - class com.epam.havryliuk.restaurant.model.database.dao.daoImpl.DishDao class initialised.
[DEBUG] 2023-02-13 17:41:49.757 [main] ConnectionManager - It is asked for instance of DataSource.
[INFO ] 2023-02-13 17:41:49.757 [main] ApplicationServiceContext - class com.epam.havryliuk.restaurant.model.database.dao.EntityTransaction class initialised.
[DEBUG] 2023-02-13 17:41:49.758 [main] CommandFactory - Restaurant action was received.
